-------------------------------------------------------------------------------
Test set: TestSuite
-------------------------------------------------------------------------------
Tests run: 1, Failures: 1, Errors: 0, Skipped: 0, Time elapsed: 27.794 sec <<< FAILURE! - in TestSuite
LumaRegistration(com_TestCases.Tc_001_Luma_Registration_Page)  Time elapsed: 9.97 sec  <<< FAILURE!
java.lang.AssertionError: expected [true] but found [false]
	at com_TestCases.Tc_001_Luma_Registration_Page.LumaRegistration(Tc_001_Luma_Registration_Page.java:57)

