<?xml version="1.0" encoding="UTF-8"?>
<testng-results ignored="0" total="1" passed="1" failed="0" skipped="0">
  <reporter-output>
  </reporter-output>
  <suite started-at="2025-04-16T12:46:51 IST" name="Suite" finished-at="2025-04-16T12:46:56 IST" duration-ms="5346">
    <groups>
    </groups>
    <test started-at="2025-04-16T12:46:51 IST" name="Test" finished-at="2025-04-16T12:46:56 IST" duration-ms="5346">
      <class name="com_TestCases.Tc_002_Luma_Login">
        <test-method is-config="true" signature="Luma_BaseClass(java.lang.String,java.lang.String)[pri:0, instance:com_TestCases.Tc_002_Luma_Login@55183b20]" started-at="2025-04-16T12:46:30 IST" name="Luma_BaseClass" finished-at="2025-04-16T12:46:51 IST" duration-ms="20981" status="PASS">
          <params>
            <param index="0">
              <value>
                <![CDATA[Chrome]]>
              </value>
            </param>
            <param index="1">
              <value>
                <![CDATA[https://magento.softwaretestingboard.com/customer/account/login]]>
              </value>
            </param>
          </params>
          <reporter-output>
          </reporter-output>
        </test-method> <!-- Luma_BaseClass -->
        <test-method signature="Luma_Login()[pri:0, instance:com_TestCases.Tc_002_Luma_Login@55183b20]" started-at="2025-04-16T12:46:51 IST" name="Luma_Login" finished-at="2025-04-16T12:46:56 IST" duration-ms="4829" status="PASS">
          <reporter-output>
          </reporter-output>
        </test-method> <!-- Luma_Login -->
      </class> <!-- com_TestCases.Tc_002_Luma_Login -->
    </test> <!-- Test -->
  </suite> <!-- Suite -->
</testng-results>
